{"level":"info","message":"Loaded command: spyfall","service":"partygamebot","timestamp":"2025-09-30T14:17:02.385Z"}
{"level":"info","message":"Loaded command: truthordare","service":"partygamebot","timestamp":"2025-09-30T14:17:02.389Z"}
{"level":"info","message":"Loaded command: whoami","service":"partygamebot","timestamp":"2025-09-30T14:17:02.390Z"}
{"level":"info","message":"Loaded command: help","service":"partygamebot","timestamp":"2025-09-30T14:17:02.391Z"}
{"level":"info","message":"Loaded event: interactionCreate","service":"partygamebot","timestamp":"2025-09-30T14:17:02.392Z"}
{"level":"info","message":"Loaded event: ready","service":"partygamebot","timestamp":"2025-09-30T14:17:02.392Z"}
{"level":"info","message":"Ready! Logged in as Party Games#1541","service":"partygamebot","timestamp":"2025-09-30T14:17:03.182Z"}
{"level":"info","message":"Serving 2 guilds","service":"partygamebot","timestamp":"2025-09-30T14:17:03.182Z"}
{"level":"info","message":"Received SIGINT, shutting down gracefully...","service":"partygamebot","timestamp":"2025-09-30T14:17:22.095Z"}
{"level":"info","message":"Loaded command: spyfall","service":"partygamebot","timestamp":"2025-09-30T14:17:32.797Z"}
{"level":"info","message":"Loaded command: truthordare","service":"partygamebot","timestamp":"2025-09-30T14:17:32.800Z"}
{"level":"info","message":"Loaded command: whoami","service":"partygamebot","timestamp":"2025-09-30T14:17:32.802Z"}
{"level":"info","message":"Loaded command: help","service":"partygamebot","timestamp":"2025-09-30T14:17:32.803Z"}
{"level":"info","message":"Loaded event: interactionCreate","service":"partygamebot","timestamp":"2025-09-30T14:17:32.803Z"}
{"level":"info","message":"Loaded event: ready","service":"partygamebot","timestamp":"2025-09-30T14:17:32.804Z"}
{"level":"info","message":"Ready! Logged in as Party Games#1541","service":"partygamebot","timestamp":"2025-09-30T14:17:33.560Z"}
{"level":"info","message":"Serving 2 guilds","service":"partygamebot","timestamp":"2025-09-30T14:17:33.560Z"}
{"level":"info","message":"Command executed: help by staraesir","service":"partygamebot","timestamp":"2025-09-30T15:12:59.869Z"}
{"level":"info","message":"Command executed: whoami by staraesir","service":"partygamebot","timestamp":"2025-09-30T15:13:30.622Z"}
{"level":"info","message":"Command executed: whoami by staraesir","service":"partygamebot","timestamp":"2025-09-30T15:14:15.978Z"}
{"level":"info","message":"Received SIGINT, shutting down gracefully...","service":"partygamebot","timestamp":"2025-09-30T15:16:13.376Z"}
